<?xml version="1.0" encoding="UTF-8"?>
<robot generator="Rebot 3.0.3 (Python 3.6.3 on win32)" generated="20180514 14:48:34.937">
<suite id="s1" name="Tigo Money">
<suite id="s1-s1" name="Test" source="C:\Users\hp\.jenkins\workspace\ultimaPruebaTigo\tigoMoney_ussd\test">
<suite id="s1-s1-s1" name="consultarSaldo" source="C:\Users\hp\.jenkins\workspace\ultimaPruebaTigo\tigoMoney_ussd\test\consultarSaldo.robot">
<test id="s1-s1-s1-t1" name="Consultar saldo c.128">
<kw name="Link" library="common">
<arguments>
<arg>https://jira.tigo.net.bo/browse/MFS-22</arg>
</arguments>
<kw name="Set Suite Metadata" library="BuiltIn">
<doc>Sets metadata for the current test suite.</doc>
<arguments>
<arg>url_test</arg>
<arg>${url_test}</arg>
</arguments>
<status status="PASS" starttime="20180514 14:47:26.713" endtime="20180514 14:47:26.719"></status>
</kw>
<status status="PASS" starttime="20180514 14:47:26.708" endtime="20180514 14:47:26.721"></status>
</kw>
<kw name="Set Up And Open Android Application" library="common">
<kw name="Open Application" library="AppiumLibrary">
<doc>Opens a new application to given Appium server.</doc>
<arguments>
<arg>${REMOTE_URL}</arg>
<arg>platformName=${PLATFORM_NAME_ANDROID}</arg>
<arg>deviceName=${DEVICE_NAME_ANDROID}</arg>
<arg>automationName=${AUTOMATION_NAME}</arg>
<arg>appPackage=${APP_PACKAGE}</arg>
<arg>appActivity=${appActivity}</arg>
</arguments>
<kw name="Capture Screenshot On Failure" library="common">
<kw name="Capture Page Screenshot" library="AppiumLibrary">
<doc>Takes a screenshot of the current page and embeds it into the log.</doc>
<arguments>
<arg>${SCREENSHOTS}${/}${TEST NAME}.png</arg>
</arguments>
<msg timestamp="20180514 14:47:32.045" level="FAIL">No application is open</msg>
<status status="FAIL" starttime="20180514 14:47:32.019" endtime="20180514 14:47:32.047"></status>
</kw>
<status status="FAIL" starttime="20180514 14:47:32.012" endtime="20180514 14:47:32.051"></status>
</kw>
<msg timestamp="20180514 14:47:32.070" level="FAIL">URLError: &lt;urlopen error [Errno 10061] Connection refused&gt;</msg>
<status status="FAIL" starttime="20180514 14:47:26.725" endtime="20180514 14:47:32.073"></status>
</kw>
<status status="FAIL" starttime="20180514 14:47:26.722" endtime="20180514 14:47:32.078"></status>
</kw>
<kw name="Run Keyword If Test Failed" library="BuiltIn" type="teardown">
<doc>Runs the given keyword with the given arguments, if the test failed.</doc>
<arguments>
<arg>Tomar screenshoot</arg>
</arguments>
<kw name="Tomar screenshoot" library="common">
<kw name="Capture Page Screenshot" library="AppiumLibrary">
<doc>Takes a screenshot of the current page and embeds it into the log.</doc>
<arguments>
<arg>..${/}..${/}screenshots${/}${TEST_NAME}.png</arg>
</arguments>
<kw name="Capture Screenshot On Failure" library="common">
<kw name="Capture Page Screenshot" library="AppiumLibrary">
<doc>Takes a screenshot of the current page and embeds it into the log.</doc>
<arguments>
<arg>${SCREENSHOTS}${/}${TEST NAME}.png</arg>
</arguments>
<msg timestamp="20180514 14:47:32.129" level="FAIL">No application is open</msg>
<status status="FAIL" starttime="20180514 14:47:32.114" endtime="20180514 14:47:32.131"></status>
</kw>
<status status="FAIL" starttime="20180514 14:47:32.107" endtime="20180514 14:47:32.133"></status>
</kw>
<msg timestamp="20180514 14:47:32.137" level="FAIL">No application is open</msg>
<status status="FAIL" starttime="20180514 14:47:32.095" endtime="20180514 14:47:32.139"></status>
</kw>
<status status="FAIL" starttime="20180514 14:47:32.093" endtime="20180514 14:47:32.147"></status>
</kw>
<status status="FAIL" starttime="20180514 14:47:32.086" endtime="20180514 14:47:32.148">No application is open</status>
</kw>
<status status="FAIL" starttime="20180514 14:47:26.704" endtime="20180514 14:47:32.150" critical="yes">URLError: &lt;urlopen error [Errno 10061] Connection refused&gt;

Also teardown failed:
No application is open</status>
</test>
<test id="s1-s1-s1-t2" name="Consultar saldo c.129">
<kw name="Link" library="common">
<arguments>
<arg>https://jira.tigo.net.bo/browse/MFS-26</arg>
</arguments>
<kw name="Set Suite Metadata" library="BuiltIn">
<doc>Sets metadata for the current test suite.</doc>
<arguments>
<arg>url_test</arg>
<arg>${url_test}</arg>
</arguments>
<status status="PASS" starttime="20180514 14:47:32.167" endtime="20180514 14:47:32.173"></status>
</kw>
<status status="PASS" starttime="20180514 14:47:32.163" endtime="20180514 14:47:32.174"></status>
</kw>
<kw name="Set Up And Open Android Application" library="common">
<kw name="Open Application" library="AppiumLibrary">
<doc>Opens a new application to given Appium server.</doc>
<arguments>
<arg>${REMOTE_URL}</arg>
<arg>platformName=${PLATFORM_NAME_ANDROID}</arg>
<arg>deviceName=${DEVICE_NAME_ANDROID}</arg>
<arg>automationName=${AUTOMATION_NAME}</arg>
<arg>appPackage=${APP_PACKAGE}</arg>
<arg>appActivity=${appActivity}</arg>
</arguments>
<kw name="Capture Screenshot On Failure" library="common">
<kw name="Capture Page Screenshot" library="AppiumLibrary">
<doc>Takes a screenshot of the current page and embeds it into the log.</doc>
<arguments>
<arg>${SCREENSHOTS}${/}${TEST NAME}.png</arg>
</arguments>
<msg timestamp="20180514 14:47:36.290" level="FAIL">No application is open</msg>
<status status="FAIL" starttime="20180514 14:47:36.262" endtime="20180514 14:47:36.296"></status>
</kw>
<status status="FAIL" starttime="20180514 14:47:36.256" endtime="20180514 14:47:36.303"></status>
</kw>
<msg timestamp="20180514 14:47:36.316" level="FAIL">URLError: &lt;urlopen error [Errno 10061] Connection refused&gt;</msg>
<status status="FAIL" starttime="20180514 14:47:32.179" endtime="20180514 14:47:36.322"></status>
</kw>
<status status="FAIL" starttime="20180514 14:47:32.177" endtime="20180514 14:47:36.326"></status>
</kw>
<kw name="Run Keyword If Test Failed" library="BuiltIn" type="teardown">
<doc>Runs the given keyword with the given arguments, if the test failed.</doc>
<arguments>
<arg>Tomar screenshoot</arg>
</arguments>
<kw name="Tomar screenshoot" library="common">
<kw name="Capture Page Screenshot" library="AppiumLibrary">
<doc>Takes a screenshot of the current page and embeds it into the log.</doc>
<arguments>
<arg>..${/}..${/}screenshots${/}${TEST_NAME}.png</arg>
</arguments>
<kw name="Capture Screenshot On Failure" library="common">
<kw name="Capture Page Screenshot" library="AppiumLibrary">
<doc>Takes a screenshot of the current page and embeds it into the log.</doc>
<arguments>
<arg>${SCREENSHOTS}${/}${TEST NAME}.png</arg>
</arguments>
<msg timestamp="20180514 14:47:36.371" level="FAIL">No application is open</msg>
<status status="FAIL" starttime="20180514 14:47:36.349" endtime="20180514 14:47:36.396"></status>
</kw>
<status status="FAIL" starttime="20180514 14:47:36.346" endtime="20180514 14:47:36.400"></status>
</kw>
<msg timestamp="20180514 14:47:36.405" level="FAIL">No application is open</msg>
<status status="FAIL" starttime="20180514 14:47:36.336" endtime="20180514 14:47:36.413"></status>
</kw>
<status status="FAIL" starttime="20180514 14:47:36.333" endtime="20180514 14:47:36.417"></status>
</kw>
<status status="FAIL" starttime="20180514 14:47:36.330" endtime="20180514 14:47:36.418">No application is open</status>
</kw>
<status status="FAIL" starttime="20180514 14:47:32.155" endtime="20180514 14:47:36.419" critical="yes">URLError: &lt;urlopen error [Errno 10061] Connection refused&gt;

Also teardown failed:
No application is open</status>
</test>
<metadata>
<item name="url_test">https://jira.tigo.net.bo/browse/MFS-26</item>
</metadata>
<status status="FAIL" starttime="20180514 14:47:21.820" endtime="20180514 14:47:36.435"></status>
</suite>
<suite id="s1-s1-s2" name="registroUSSD" source="C:\Users\hp\.jenkins\workspace\ultimaPruebaTigo\tigoMoney_ussd\test\registroUSSD.robot">
<test id="s1-s1-s2-t1" name="Envio a USSD">
<kw name="Set Up And Open Android Application" library="common">
<kw name="Open Application" library="AppiumLibrary">
<doc>Opens a new application to given Appium server.</doc>
<arguments>
<arg>${REMOTE_URL}</arg>
<arg>platformName=${PLATFORM_NAME_ANDROID}</arg>
<arg>deviceName=${DEVICE_NAME_ANDROID}</arg>
<arg>automationName=${AUTOMATION_NAME}</arg>
<arg>appPackage=${APP_PACKAGE}</arg>
<arg>appActivity=${appActivity}</arg>
</arguments>
<kw name="Capture Screenshot On Failure" library="common">
<kw name="Capture Page Screenshot" library="AppiumLibrary">
<doc>Takes a screenshot of the current page and embeds it into the log.</doc>
<arguments>
<arg>${SCREENSHOTS}${/}${TEST NAME}.png</arg>
</arguments>
<msg timestamp="20180514 14:47:40.675" level="FAIL">No application is open</msg>
<status status="FAIL" starttime="20180514 14:47:40.657" endtime="20180514 14:47:40.677"></status>
</kw>
<status status="FAIL" starttime="20180514 14:47:40.657" endtime="20180514 14:47:40.677"></status>
</kw>
<msg timestamp="20180514 14:47:40.677" level="FAIL">URLError: &lt;urlopen error [Errno 10061] Connection refused&gt;</msg>
<status status="FAIL" starttime="20180514 14:47:36.579" endtime="20180514 14:47:40.677"></status>
</kw>
<status status="FAIL" starttime="20180514 14:47:36.573" endtime="20180514 14:47:40.677"></status>
</kw>
<kw name="Run Keyword If Test Failed" library="BuiltIn" type="teardown">
<doc>Runs the given keyword with the given arguments, if the test failed.</doc>
<arguments>
<arg>Tomar screenshoot</arg>
</arguments>
<kw name="Tomar screenshoot" library="common">
<kw name="Capture Page Screenshot" library="AppiumLibrary">
<doc>Takes a screenshot of the current page and embeds it into the log.</doc>
<arguments>
<arg>..${/}..${/}screenshots${/}${TEST_NAME}.png</arg>
</arguments>
<kw name="Capture Screenshot On Failure" library="common">
<kw name="Capture Page Screenshot" library="AppiumLibrary">
<doc>Takes a screenshot of the current page and embeds it into the log.</doc>
<arguments>
<arg>${SCREENSHOTS}${/}${TEST NAME}.png</arg>
</arguments>
<msg timestamp="20180514 14:47:40.724" level="FAIL">No application is open</msg>
<status status="FAIL" starttime="20180514 14:47:40.708" endtime="20180514 14:47:40.724"></status>
</kw>
<status status="FAIL" starttime="20180514 14:47:40.708" endtime="20180514 14:47:40.724"></status>
</kw>
<msg timestamp="20180514 14:47:40.724" level="FAIL">No application is open</msg>
<status status="FAIL" starttime="20180514 14:47:40.693" endtime="20180514 14:47:40.724"></status>
</kw>
<status status="FAIL" starttime="20180514 14:47:40.693" endtime="20180514 14:47:40.724"></status>
</kw>
<status status="FAIL" starttime="20180514 14:47:40.677" endtime="20180514 14:47:40.724">No application is open</status>
</kw>
<status status="FAIL" starttime="20180514 14:47:36.564" endtime="20180514 14:47:40.724" critical="yes">URLError: &lt;urlopen error [Errno 10061] Connection refused&gt;

Also teardown failed:
No application is open</status>
</test>
<status status="FAIL" starttime="20180514 14:47:36.487" endtime="20180514 14:47:40.739"></status>
</suite>
<status status="FAIL" starttime="20180514 14:47:21.422" endtime="20180514 14:47:40.755"></status>
</suite>
<suite id="s1-s2" name="Test" source="C:\Users\hp\.jenkins\workspace\ultimaPruebaTigo\tigoMoney_sms\test">
<suite id="s1-s2-s1" name="registroSMS" source="C:\Users\hp\.jenkins\workspace\ultimaPruebaTigo\tigoMoney_sms\test\registroSMS.robot">
<test id="s1-s2-s1-t1" name="Envio a SMS">
<kw name="Set Up And Open Android Application" library="common">
<kw name="Open Application" library="AppiumLibrary">
<doc>Opens a new application to given Appium server.</doc>
<arguments>
<arg>${REMOTE_URL}</arg>
<arg>platformName=${PLATFORM_NAME_ANDROID}</arg>
<arg>deviceName=${DEVICE_NAME_ANDROID}</arg>
<arg>automationName=${AUTOMATION_NAME}</arg>
<arg>appPackage=${APP_PACKAGE}</arg>
<arg>appActivity=${appActivity}</arg>
</arguments>
<kw name="Capture Screenshot On Failure" library="common">
<kw name="Capture Page Screenshot" library="AppiumLibrary">
<doc>Takes a screenshot of the current page and embeds it into the log.</doc>
<arguments>
<arg>${SCREENSHOTS}${/}${TEST NAME}.png</arg>
</arguments>
<msg timestamp="20180514 14:48:15.440" level="FAIL">No application is open</msg>
<status status="FAIL" starttime="20180514 14:48:15.393" endtime="20180514 14:48:15.440"></status>
</kw>
<status status="FAIL" starttime="20180514 14:48:15.377" endtime="20180514 14:48:15.440"></status>
</kw>
<msg timestamp="20180514 14:48:15.455" level="FAIL">URLError: &lt;urlopen error [Errno 10061] Connection refused&gt;</msg>
<status status="FAIL" starttime="20180514 14:48:11.128" endtime="20180514 14:48:15.455"></status>
</kw>
<status status="FAIL" starttime="20180514 14:48:11.128" endtime="20180514 14:48:15.471"></status>
</kw>
<kw name="Run Keyword If Test Failed" library="BuiltIn" type="teardown">
<doc>Runs the given keyword with the given arguments, if the test failed.</doc>
<arguments>
<arg>Tomar screenshoot</arg>
</arguments>
<kw name="Tomar screenshoot" library="common">
<kw name="Capture Page Screenshot" library="AppiumLibrary">
<doc>Takes a screenshot of the current page and embeds it into the log.</doc>
<arguments>
<arg>..${/}..${/}screenshots${/}${TEST_NAME}.png</arg>
</arguments>
<kw name="Capture Screenshot On Failure" library="common">
<kw name="Capture Page Screenshot" library="AppiumLibrary">
<doc>Takes a screenshot of the current page and embeds it into the log.</doc>
<arguments>
<arg>${SCREENSHOTS}${/}${TEST NAME}.png</arg>
</arguments>
<msg timestamp="20180514 14:48:15.507" level="FAIL">No application is open</msg>
<status status="FAIL" starttime="20180514 14:48:15.494" endtime="20180514 14:48:15.509"></status>
</kw>
<status status="FAIL" starttime="20180514 14:48:15.491" endtime="20180514 14:48:15.511"></status>
</kw>
<msg timestamp="20180514 14:48:15.515" level="FAIL">No application is open</msg>
<status status="FAIL" starttime="20180514 14:48:15.471" endtime="20180514 14:48:15.516"></status>
</kw>
<status status="FAIL" starttime="20180514 14:48:15.471" endtime="20180514 14:48:15.519"></status>
</kw>
<status status="FAIL" starttime="20180514 14:48:15.471" endtime="20180514 14:48:15.519">No application is open</status>
</kw>
<status status="FAIL" starttime="20180514 14:48:11.128" endtime="20180514 14:48:15.519" critical="yes">URLError: &lt;urlopen error [Errno 10061] Connection refused&gt;

Also teardown failed:
No application is open</status>
</test>
<status status="FAIL" starttime="20180514 14:48:06.004" endtime="20180514 14:48:15.519"></status>
</suite>
<status status="FAIL" starttime="20180514 14:48:05.600" endtime="20180514 14:48:15.535"></status>
</suite>
<status status="FAIL" starttime="N/A" endtime="N/A" elapsedtime="29268"></status>
</suite>
<statistics>
<total>
<stat pass="0" fail="4">Critical Tests</stat>
<stat pass="0" fail="4">All Tests</stat>
</total>
<tag>
</tag>
<suite>
<stat pass="0" fail="4" id="s1" name="Tigo Money">Tigo Money</stat>
<stat pass="0" fail="3" id="s1-s1" name="Test">Tigo Money.Test</stat>
<stat pass="0" fail="2" id="s1-s1-s1" name="consultarSaldo">Tigo Money.Test.consultarSaldo</stat>
<stat pass="0" fail="1" id="s1-s1-s2" name="registroUSSD">Tigo Money.Test.registroUSSD</stat>
<stat pass="0" fail="1" id="s1-s2" name="Test">Tigo Money.Test</stat>
<stat pass="0" fail="1" id="s1-s2-s1" name="registroSMS">Tigo Money.Test.registroSMS</stat>
</suite>
</statistics>
<errors>
<msg timestamp="20180514 14:47:21.290" level="ERROR">Error in file 'C:\Users\hp\.jenkins\workspace\ultimaPruebaTigo\tigoMoney_ussd\test\consultarSaldo.robot': Non-existing setting ''.</msg>
<msg timestamp="20180514 14:47:21.316" level="ERROR">Error in file 'C:\Users\hp\.jenkins\workspace\ultimaPruebaTigo\tigoMoney_ussd\test\registroUSSD.robot': Non-existing setting ''.</msg>
<msg timestamp="20180514 14:48:05.474" level="ERROR">Error in file 'C:\Users\hp\.jenkins\workspace\ultimaPruebaTigo\tigoMoney_sms\test\registroSMS.robot': Non-existing setting ''.</msg>
</errors>
</robot>
